#
# A fatal error has been detected by the Java Runtime Environment:
#
#  EXCEPTION_ACCESS_VIOLATION (0xc0000005) at pc=0x6c3006e7, pid=9580, tid=0x00001cbc
#
# JRE version: Java(TM) SE Runtime Environment (8.0_144-b01) (build 1.8.0_144-b01)
# Java VM: Java HotSpot(TM) Client VM (25.144-b01 mixed mode windows-x86 )
# Problematic frame:
# V  [jvm.dll+0xc06e7]
#
# Failed to write core dump. Minidumps are not enabled by default on client versions of Windows
#
# If you would like to submit a bug report, please visit:
#   http://bugreport.java.com/bugreport/crash.jsp
#

---------------  T H R E A D  ---------------

Current thread (0x26040c00):  VMThread [stack: 0x04db0000,0x04e00000] [id=7356]

siginfo: ExceptionCode=0xc0000005, reading address 0xabe225a2

Registers:
EAX=0x18a41ea9, EBX=0x113aee70, ECX=0x00000001, EDX=0xabe22542
ESP=0x04dff150, EBP=0x04dff170, ESI=0x113aee74, EDI=0x0f9e5bb8
EIP=0x6c3006e7, EFLAGS=0x00010297

Top of Stack: (sp=0x04dff150)
0x04dff150:   0feaa140 00000003 00000000 24f4a2d0
0x04dff160:   113aee74 00000003 00000000 24f4a2c8
0x04dff170:   04dff190 6c3f5d21 113aee60 27aca400
0x04dff180:   6c5ab4f4 00000000 ffffffeb 6c5ab4f4
0x04dff190:   04dff19c 6c3f5f1c 27aca404 04dff384
0x04dff1a0:   6c3baae3 27aca404 00000002 27aca400
0x04dff1b0:   00000000 00000000 04dff408 6c427e6d
0x04dff1c0:   00000015 00000020 6c517e94 04dff3fc 

Instructions: (pc=0x6c3006e7)
0x6c3006c7:   80 3d b4 a4 59 6c 00 75 0a 8b d0 80 e2 07 80 fa
0x6c3006d7:   01 eb 1b 8b c8 83 e1 07 83 f9 05 74 24 8b 57 04
0x6c3006e7:   8b 52 60 83 e2 07 80 fa 05 74 0c 83 f9 01 75 07
0x6c3006f7:   a9 80 ff ff ff 74 0a 50 57 e8 fb 52 0f 00 83 c4 


Register to memory mapping:

EAX=0x18a41ea9 is an unallocated location in the heap
EBX=0x113aee70 is pointing into object: 0x113aee60
java.util.ArrayList 
 - klass: 'java/util/ArrayList'
ECX=0x00000001 is an unknown value
EDX=0xabe22542 is an unknown value
ESP=0x04dff150 is an unknown value
EBP=0x04dff170 is an unknown value
ESI=0x113aee74 is pointing into object: 0x113aee60
java.util.ArrayList 
 - klass: 'java/util/ArrayList'
EDI=0x0f9e5bb8 is pointing into object: 0x0f9e59b8
[B 
 - klass: {type array byte}
 - length: 3790


Stack: [0x04db0000,0x04e00000],  sp=0x04dff150,  free space=316k
Native frames: (J=compiled Java code, j=interpreted, Vv=VM code, C=native code)
V  [jvm.dll+0xc06e7]
V  [jvm.dll+0x1b5d21]
V  [jvm.dll+0x1b5f1c]
V  [jvm.dll+0x17aae3]
V  [jvm.dll+0x17961a]
V  [jvm.dll+0x987c0]
V  [jvm.dll+0x99ab1]
V  [jvm.dll+0x9b860]
V  [jvm.dll+0x9bcc9]
V  [jvm.dll+0x9aa7f]
V  [jvm.dll+0xa6d22]
V  [jvm.dll+0x99683]
V  [jvm.dll+0x99bae]
V  [jvm.dll+0x99d41]
V  [jvm.dll+0x78390]
V  [jvm.dll+0x1b94dd]
V  [jvm.dll+0x1834eb]
V  [jvm.dll+0x1828f1]
V  [jvm.dll+0x182d07]
V  [jvm.dll+0x182f02]
V  [jvm.dll+0x1c2ec6]
C  [msvcr100.dll+0x5c556]
C  [msvcr100.dll+0x5c600]
C  [KERNEL32.DLL+0x16359]
C  [ntdll.dll+0x67a94]
C  [ntdll.dll+0x67a64]

VM_Operation (0x0112def0): CollectForMetadataAllocation, mode: safepoint, requested by thread 0x02a3dc00


---------------  P R O C E S S  ---------------

Java Threads: ( => current thread )
  0x27aca400 JavaThread "JmDNS pool-4-thread-1" [_thread_blocked, id=3796, stack(0x28ba0000,0x28bf0000)]
  0x27aca800 JavaThread "Timer-0" [_thread_blocked, id=10160, stack(0x28a10000,0x28a60000)]
  0x27acc800 JavaThread "JmDNS(SP_1.local.).State.Timer" daemon [_thread_blocked, id=8508, stack(0x28980000,0x289d0000)]
  0x27acc000 JavaThread "JmDNS(SP_1.local.).Timer" daemon [_thread_blocked, id=7792, stack(0x288f0000,0x28940000)]
  0x27a8fc00 JavaThread "SocketListener(SP_1.local.)" daemon [_thread_in_native, id=10108, stack(0x28860000,0x288b0000)]
  0x27a8f400 JavaThread "JmmDNS pool-2-thread-1" [_thread_blocked, id=6244, stack(0x287d0000,0x28820000)]
  0x27a8f000 JavaThread "JmDNS(SP_1.local.).State.Timer" daemon [_thread_blocked, id=6264, stack(0x28740000,0x28790000)]
  0x27a8e800 JavaThread "JmDNS(SP_1.local.).Timer" daemon [_thread_blocked, id=2960, stack(0x285b0000,0x28600000)]
  0x26731000 JavaThread "SocketListener(SP_1.local.)" daemon [_thread_in_native, id=10100, stack(0x26be0000,0x26c30000)]
  0x27aa2800 JavaThread "Multihomed mDNS.Timer" daemon [_thread_blocked, id=1316, stack(0x28520000,0x28570000)]
  0x27a86000 JavaThread "cc.arduino.packages.discoverers.serial.SerialBoardsLister" [_thread_blocked, id=8764, stack(0x28490000,0x284e0000)]
  0x26731c00 JavaThread "AWT-Windows" daemon [_thread_in_native, id=9432, stack(0x26c70000,0x26cc0000)]
  0x26730400 JavaThread "Java2D Disposer" daemon [_thread_blocked, id=2364, stack(0x26b50000,0x26ba0000)]
  0x26075c00 JavaThread "Service Thread" daemon [_thread_blocked, id=8428, stack(0x263e0000,0x26430000)]
  0x26070000 JavaThread "C1 CompilerThread0" daemon [_thread_blocked, id=224, stack(0x26350000,0x263a0000)]
  0x2606f400 JavaThread "Attach Listener" daemon [_thread_blocked, id=9312, stack(0x25470000,0x254c0000)]
  0x2606d400 JavaThread "Signal Dispatcher" daemon [_thread_blocked, id=7280, stack(0x04be0000,0x04c30000)]
  0x2605bc00 JavaThread "Finalizer" daemon [_thread_blocked, id=3656, stack(0x253e0000,0x25430000)]
  0x26045c00 JavaThread "Reference Handler" daemon [_thread_blocked, id=7104, stack(0x25350000,0x253a0000)]
  0x02a3dc00 JavaThread "main" [_thread_blocked, id=3512, stack(0x010e0000,0x01130000)]

Other Threads:
=>0x26040c00 VMThread [stack: 0x04db0000,0x04e00000] [id=7356]
  0x26079c00 WatcherThread [stack: 0x26470000,0x264c0000] [id=4524]

VM state:at safepoint (normal execution)

VM Mutex/Monitor currently owned by a thread:  ([mutex/lock_event])
[0x02a3c688] Threads_lock - owner thread: 0x26040c00
[0x02a3d2a8] Heap_lock - owner thread: 0x02a3dc00

Heap:
 def new generation   total 39296K, used 9082K [0x04e00000, 0x078a0000, 0x0f8a0000)
  eden space 34944K,  21% used [0x04e00000, 0x05578498, 0x07020000)
  from space 4352K,  32% used [0x07460000, 0x075c65c8, 0x078a0000)
  to   space 4352K,   0% used [0x07020000, 0x07020000, 0x07460000)
 tenured generation   total 87424K, used 28972K [0x0f8a0000, 0x14e00000, 0x24e00000)
   the space 87424K,  33% used [0x0f8a0000, 0x114eb398, 0x114eb400, 0x14e00000)
 Metaspace       used 11942K, capacity 12283K, committed 12288K, reserved 12672K

Card table byte_map: [0x04c60000,0x04d70000] byte_map_base: 0x04c39000

Polling page: 0x00f90000

CodeCache: size=32768Kb used=2853Kb max_used=2853Kb free=29914Kb
 bounds [0x02b20000, 0x02df0000, 0x04b20000]
 total_blobs=1912 nmethods=1668 adapters=174
 compilation: enabled

Compilation events (10 events):
Event: 12.371 Thread 0x26070000 1688             com.fasterxml.jackson.module.mrbean.generated.cc.arduino.contributions.packages.ContributedPlatform::getCategory (5 bytes)
Event: 12.371 Thread 0x26070000 nmethod 1688 0x02de8d08 code [0x02de8e00, 0x02de8e80]
Event: 12.371 Thread 0x26070000 1689             java.util.stream.ForEachOps$ForEachOp$OfRef::accept (11 bytes)
Event: 12.371 Thread 0x26070000 nmethod 1689 0x02de8ec8 code [0x02de8fd0, 0x02de906c]
Event: 12.371 Thread 0x26070000 1690             cc.arduino.contributions.libraries.LibrariesIndexer$$Lambda$29/20655782::accept (8 bytes)
Event: 12.372 Thread 0x26070000 nmethod 1690 0x02de90c8 code [0x02de91e0, 0x02de9328]
Event: 12.372 Thread 0x26070000 1691             cc.arduino.contributions.libraries.LibrariesIndexer::lambda$rescanLibraries$2 (23 bytes)
Event: 12.372 Thread 0x26070000 nmethod 1691 0x02de9488 code [0x02de9600, 0x02de99a8]
Event: 12.711 Thread 0x26070000 1692             java.util.LinkedList::contains (15 bytes)
Event: 12.711 Thread 0x26070000 nmethod 1692 0x02de9e48 code [0x02de9f40, 0x02de9fec]

GC Heap History (10 events):
Event: 9.225 GC heap after
Heap after GC invocations=11 (full 0):
 def new generation   total 39296K, used 1381K [0x04e00000, 0x078a0000, 0x0f8a0000)
  eden space 34944K,   0% used [0x04e00000, 0x04e00000, 0x07020000)
  from space 4352K,  31% used [0x07460000, 0x075b9718, 0x078a0000)
  to   space 4352K,   0% used [0x07020000, 0x07020000, 0x07460000)
 tenured generation   total 87424K, used 28972K [0x0f8a0000, 0x14e00000, 0x24e00000)
   the space 87424K,  33% used [0x0f8a0000, 0x114eb398, 0x114eb400, 0x14e00000)
 Metaspace       used 11934K, capacity 12283K, committed 12288K, reserved 12672K
}
Event: 10.120 GC heap before
{Heap before GC invocations=11 (full 0):
 def new generation   total 39296K, used 36325K [0x04e00000, 0x078a0000, 0x0f8a0000)
  eden space 34944K, 100% used [0x04e00000, 0x07020000, 0x07020000)
  from space 4352K,  31% used [0x07460000, 0x075b9718, 0x078a0000)
  to   space 4352K,   0% used [0x07020000, 0x07020000, 0x07460000)
 tenured generation   total 87424K, used 28972K [0x0f8a0000, 0x14e00000, 0x24e00000)
   the space 87424K,  33% used [0x0f8a0000, 0x114eb398, 0x114eb400, 0x14e00000)
 Metaspace       used 11934K, capacity 12283K, committed 12288K, reserved 12672K
Event: 10.124 GC heap after
Heap after GC invocations=12 (full 0):
 def new generation   total 39296K, used 1381K [0x04e00000, 0x078a0000, 0x0f8a0000)
  eden space 34944K,   0% used [0x04e00000, 0x04e00000, 0x07020000)
  from space 4352K,  31% used [0x07020000, 0x071795a0, 0x07460000)
  to   space 4352K,   0% used [0x07460000, 0x07460000, 0x078a0000)
 tenured generation   total 87424K, used 28972K [0x0f8a0000, 0x14e00000, 0x24e00000)
   the space 87424K,  33% used [0x0f8a0000, 0x114eb398, 0x114eb400, 0x14e00000)
 Metaspace       used 11934K, capacity 12283K, committed 12288K, reserved 12672K
}
Event: 10.969 GC heap before
{Heap before GC invocations=12 (full 0):
 def new generation   total 39296K, used 36325K [0x04e00000, 0x078a0000, 0x0f8a0000)
  eden space 34944K, 100% used [0x04e00000, 0x07020000, 0x07020000)
  from space 4352K,  31% used [0x07020000, 0x071795a0, 0x07460000)
  to   space 4352K,   0% used [0x07460000, 0x07460000, 0x078a0000)
 tenured generation   total 87424K, used 28972K [0x0f8a0000, 0x14e00000, 0x24e00000)
   the space 87424K,  33% used [0x0f8a0000, 0x114eb398, 0x114eb400, 0x14e00000)
 Metaspace       used 11934K, capacity 12283K, committed 12288K, reserved 12672K
Event: 10.973 GC heap after
Heap after GC invocations=13 (full 0):
 def new generation   total 39296K, used 1419K [0x04e00000, 0x078a0000, 0x0f8a0000)
  eden space 34944K,   0% used [0x04e00000, 0x04e00000, 0x07020000)
  from space 4352K,  32% used [0x07460000, 0x075c2cc0, 0x078a0000)
  to   space 4352K,   0% used [0x07020000, 0x07020000, 0x07460000)
 tenured generation   total 87424K, used 28972K [0x0f8a0000, 0x14e00000, 0x24e00000)
   the space 87424K,  33% used [0x0f8a0000, 0x114eb398, 0x114eb400, 0x14e00000)
 Metaspace       used 11934K, capacity 12283K, committed 12288K, reserved 12672K
}
Event: 11.821 GC heap before
{Heap before GC invocations=13 (full 0):
 def new generation   total 39296K, used 36363K [0x04e00000, 0x078a0000, 0x0f8a0000)
  eden space 34944K, 100% used [0x04e00000, 0x07020000, 0x07020000)
  from space 4352K,  32% used [0x07460000, 0x075c2cc0, 0x078a0000)
  to   space 4352K,   0% used [0x07020000, 0x07020000, 0x07460000)
 tenured generation   total 87424K, used 28972K [0x0f8a0000, 0x14e00000, 0x24e00000)
   the space 87424K,  33% used [0x0f8a0000, 0x114eb398, 0x114eb400, 0x14e00000)
 Metaspace       used 11934K, capacity 12283K, committed 12288K, reserved 12672K
Event: 11.825 GC heap after
Heap after GC invocations=14 (full 0):
 def new generation   total 39296K, used 1408K [0x04e00000, 0x078a0000, 0x0f8a0000)
  eden space 34944K,   0% used [0x04e00000, 0x04e00000, 0x07020000)
  from space 4352K,  32% used [0x07020000, 0x07180370, 0x07460000)
  to   space 4352K,   0% used [0x07460000, 0x07460000, 0x078a0000)
 tenured generation   total 87424K, used 28972K [0x0f8a0000, 0x14e00000, 0x24e00000)
   the space 87424K,  33% used [0x0f8a0000, 0x114eb398, 0x114eb400, 0x14e00000)
 Metaspace       used 11934K, capacity 12283K, committed 12288K, reserved 12672K
}
Event: 12.669 GC heap before
{Heap before GC invocations=14 (full 0):
 def new generation   total 39296K, used 36352K [0x04e00000, 0x078a0000, 0x0f8a0000)
  eden space 34944K, 100% used [0x04e00000, 0x07020000, 0x07020000)
  from space 4352K,  32% used [0x07020000, 0x07180370, 0x07460000)
  to   space 4352K,   0% used [0x07460000, 0x07460000, 0x078a0000)
 tenured generation   total 87424K, used 28972K [0x0f8a0000, 0x14e00000, 0x24e00000)
   the space 87424K,  33% used [0x0f8a0000, 0x114eb398, 0x114eb400, 0x14e00000)
 Metaspace       used 11934K, capacity 12283K, committed 12288K, reserved 12672K
Event: 12.673 GC heap after
Heap after GC invocations=15 (full 0):
 def new generation   total 39296K, used 1433K [0x04e00000, 0x078a0000, 0x0f8a0000)
  eden space 34944K,   0% used [0x04e00000, 0x04e00000, 0x07020000)
  from space 4352K,  32% used [0x07460000, 0x075c65c8, 0x078a0000)
  to   space 4352K,   0% used [0x07020000, 0x07020000, 0x07460000)
 tenured generation   total 87424K, used 28972K [0x0f8a0000, 0x14e00000, 0x24e00000)
   the space 87424K,  33% used [0x0f8a0000, 0x114eb398, 0x114eb400, 0x14e00000)
 Metaspace       used 11934K, capacity 12283K, committed 12288K, reserved 12672K
}
Event: 12.777 GC heap before
{Heap before GC invocations=15 (full 0):
 def new generation   total 39296K, used 9082K [0x04e00000, 0x078a0000, 0x0f8a0000)
  eden space 34944K,  21% used [0x04e00000, 0x05578498, 0x07020000)
  from space 4352K,  32% used [0x07460000, 0x075c65c8, 0x078a0000)
  to   space 4352K,   0% used [0x07020000, 0x07020000, 0x07460000)
 tenured generation   total 87424K, used 28972K [0x0f8a0000, 0x14e00000, 0x24e00000)
   the space 87424K,  33% used [0x0f8a0000, 0x114eb398, 0x114eb400, 0x14e00000)
 Metaspace       used 11942K, capacity 12283K, committed 12288K, reserved 12672K

Deoptimization events (0 events):
No events

Internal exceptions (10 events):
Event: 12.704 Thread 0x02a3dc00 Exception <a 'sun/nio/fs/WindowsException'> (0x05011e58) thrown at [C:\workspace\8-2-build-windows-i586-cygwin\jdk8u144\9417\hotspot\src\share\vm\prims\jni.cpp, line 709]
Event: 12.704 Thread 0x02a3dc00 Exception <a 'sun/nio/fs/WindowsException'> (0x05012410) thrown at [C:\workspace\8-2-build-windows-i586-cygwin\jdk8u144\9417\hotspot\src\share\vm\prims\jni.cpp, line 709]
Event: 12.706 Thread 0x02a3dc00 Exception <a 'sun/nio/fs/WindowsException'> (0x05037df0) thrown at [C:\workspace\8-2-build-windows-i586-cygwin\jdk8u144\9417\hotspot\src\share\vm\prims\jni.cpp, line 709]
Event: 12.706 Thread 0x02a3dc00 Exception <a 'sun/nio/fs/WindowsException'> (0x050383a8) thrown at [C:\workspace\8-2-build-windows-i586-cygwin\jdk8u144\9417\hotspot\src\share\vm\prims\jni.cpp, line 709]
Event: 12.707 Thread 0x02a3dc00 Exception <a 'sun/nio/fs/WindowsException'> (0x05044448) thrown at [C:\workspace\8-2-build-windows-i586-cygwin\jdk8u144\9417\hotspot\src\share\vm\prims\jni.cpp, line 709]
Event: 12.707 Thread 0x02a3dc00 Exception <a 'sun/nio/fs/WindowsException'> (0x05044a40) thrown at [C:\workspace\8-2-build-windows-i586-cygwin\jdk8u144\9417\hotspot\src\share\vm\prims\jni.cpp, line 709]
Event: 12.708 Thread 0x02a3dc00 Exception <a 'sun/nio/fs/WindowsException'> (0x05050940) thrown at [C:\workspace\8-2-build-windows-i586-cygwin\jdk8u144\9417\hotspot\src\share\vm\prims\jni.cpp, line 709]
Event: 12.708 Thread 0x02a3dc00 Exception <a 'sun/nio/fs/WindowsException'> (0x05050f20) thrown at [C:\workspace\8-2-build-windows-i586-cygwin\jdk8u144\9417\hotspot\src\share\vm\prims\jni.cpp, line 709]
Event: 12.710 Thread 0x02a3dc00 Exception <a 'sun/nio/fs/WindowsException'> (0x0505c300) thrown at [C:\workspace\8-2-build-windows-i586-cygwin\jdk8u144\9417\hotspot\src\share\vm\prims\jni.cpp, line 709]
Event: 12.710 Thread 0x02a3dc00 Exception <a 'sun/nio/fs/WindowsException'> (0x0505c908) thrown at [C:\workspace\8-2-build-windows-i586-cygwin\jdk8u144\9417\hotspot\src\share\vm\prims\jni.cpp, line 709]

Events (10 events):
Event: 10.124 Executing VM operation: GenCollectForAllocation done
Event: 10.969 Executing VM operation: GenCollectForAllocation
Event: 10.973 Executing VM operation: GenCollectForAllocation done
Event: 11.821 Executing VM operation: GenCollectForAllocation
Event: 11.825 Executing VM operation: GenCollectForAllocation done
Event: 12.669 Executing VM operation: GenCollectForAllocation
Event: 12.673 Executing VM operation: GenCollectForAllocation done
Event: 12.776 loading class cc/arduino/contributions/packages/ContributionInstaller
Event: 12.776 loading class cc/arduino/contributions/packages/ContributionInstaller done
Event: 12.777 Executing VM operation: CollectForMetadataAllocation


Dynamic libraries:
0x009e0000 - 0x00a13000 	D:\Install\Programming\Arduino_1.8.5\Arduino\java\bin\javaw.exe
0x77390000 - 0x7752a000 	C:\Windows\SYSTEM32\ntdll.dll
0x77220000 - 0x77300000 	C:\Windows\System32\KERNEL32.DLL
0x75350000 - 0x7554c000 	C:\Windows\System32\KERNELBASE.dll
0x77300000 - 0x77379000 	C:\Windows\System32\ADVAPI32.dll
0x76100000 - 0x761bf000 	C:\Windows\System32\msvcrt.dll
0x76330000 - 0x763a6000 	C:\Windows\System32\sechost.dll
0x74c20000 - 0x74cdb000 	C:\Windows\System32\RPCRT4.dll
0x74b60000 - 0x74b80000 	C:\Windows\System32\SspiCli.dll
0x74b50000 - 0x74b5a000 	C:\Windows\System32\CRYPTBASE.dll
0x75960000 - 0x759bf000 	C:\Windows\System32\bcryptPrimitives.dll
0x77080000 - 0x77215000 	C:\Windows\System32\USER32.dll
0x75a00000 - 0x75a17000 	C:\Windows\System32\win32u.dll
0x765e0000 - 0x76601000 	C:\Windows\System32\GDI32.dll
0x76480000 - 0x765da000 	C:\Windows\System32\gdi32full.dll
0x77000000 - 0x7707c000 	C:\Windows\System32\msvcp_win.dll
0x76610000 - 0x7672f000 	C:\Windows\System32\ucrtbase.dll
0x73850000 - 0x73a5f000 	C:\Windows\WinSxS\x86_microsoft.windows.common-controls_6595b64144ccf1df_6.0.18362.175_none_2e70e1f6278c3dcf\COMCTL32.dll
0x76d70000 - 0x76fe6000 	C:\Windows\System32\combase.dll
0x75890000 - 0x758b5000 	C:\Windows\System32\IMM32.DLL
0x6c610000 - 0x6c6cf000 	D:\Install\Programming\Arduino_1.8.5\Arduino\java\bin\msvcr100.dll
0x6c240000 - 0x6c60e000 	D:\Install\Programming\Arduino_1.8.5\Arduino\java\bin\client\jvm.dll
0x76790000 - 0x76796000 	C:\Windows\System32\PSAPI.DLL
0x72f50000 - 0x72f58000 	C:\Windows\SYSTEM32\WSOCK32.dll
0x72f60000 - 0x72f84000 	C:\Windows\SYSTEM32\WINMM.dll
0x748c0000 - 0x748c8000 	C:\Windows\SYSTEM32\VERSION.dll
0x760a0000 - 0x760fe000 	C:\Windows\System32\WS2_32.dll
0x72ea0000 - 0x72ec3000 	C:\Windows\SYSTEM32\WINMMBASE.dll
0x75130000 - 0x7516b000 	C:\Windows\System32\cfgmgr32.dll
0x73250000 - 0x73280000 	D:\Install\Programming\Arduino_1.8.5\Arduino\java\bin\splashscreen.dll
0x737c0000 - 0x7383a000 	C:\Windows\system32\uxtheme.dll
0x73240000 - 0x7324c000 	D:\Install\Programming\Arduino_1.8.5\Arduino\java\bin\verify.dll
0x761c0000 - 0x762c5000 	C:\Windows\System32\MSCTF.dll
0x74b80000 - 0x74c12000 	C:\Windows\System32\OLEAUT32.dll
0x73210000 - 0x73231000 	D:\Install\Programming\Arduino_1.8.5\Arduino\java\bin\java.dll
0x6d3e0000 - 0x6d3f3000 	D:\Install\Programming\Arduino_1.8.5\Arduino\java\bin\zip.dll
0x75b10000 - 0x75b1f000 	C:\Windows\System32\kernel.appcore.dll
0x70430000 - 0x704b4000 	C:\Windows\System32\TextInputFramework.dll
0x70110000 - 0x7036e000 	C:\Windows\System32\CoreUIComponents.dll
0x70080000 - 0x70109000 	C:\Windows\System32\CoreMessaging.dll
0x75a80000 - 0x75b04000 	C:\Windows\System32\SHCORE.dll
0x73330000 - 0x73359000 	C:\Windows\SYSTEM32\ntmarta.dll
0x70710000 - 0x707ea000 	C:\Windows\SYSTEM32\wintypes.dll
0x74060000 - 0x74289000 	C:\Windows\System32\iertutil.dll
0x75b20000 - 0x76094000 	C:\Windows\System32\SHELL32.dll
0x767a0000 - 0x76d61000 	C:\Windows\System32\windows.storage.dll
0x759e0000 - 0x759f7000 	C:\Windows\System32\profapi.dll
0x75300000 - 0x75343000 	C:\Windows\System32\powrprof.dll
0x762d0000 - 0x762dd000 	C:\Windows\System32\UMPDC.dll
0x762e0000 - 0x76324000 	C:\Windows\System32\shlwapi.dll
0x752e0000 - 0x752f3000 	C:\Windows\System32\cryptsp.dll
0x61940000 - 0x619b2000 	D:\Install\Programming\Arduino_1.8.5\Arduino\lib\listSerialsj.dll
0x74ce0000 - 0x75129000 	C:\Windows\System32\SETUPAPI.dll
0x763b0000 - 0x763c9000 	C:\Windows\System32\bcrypt.dll
0x6c7c0000 - 0x6c7dd000 	D:\Install\Programming\Arduino_1.8.5\Arduino\lib\jnidispatch-4.2.2-win32-x86.dll
0x75610000 - 0x75707000 	C:\Windows\System32\Ole32.dll
0x6c220000 - 0x6c236000 	D:\Install\Programming\Arduino_1.8.5\Arduino\java\bin\net.dll
0x73a60000 - 0x73ab2000 	C:\Windows\system32\mswsock.dll
0x705c0000 - 0x705cf000 	D:\Install\Programming\Arduino_1.8.5\Arduino\java\bin\nio.dll
0x6c0d0000 - 0x6c215000 	D:\Install\Programming\Arduino_1.8.5\Arduino\java\bin\awt.dll
0x74ab0000 - 0x74b4f000 	C:\Windows\SYSTEM32\apphelp.dll
0x72290000 - 0x722b5000 	C:\Windows\system32\DWMAPI.DLL
0x6c090000 - 0x6c0c9000 	D:\Install\Programming\Arduino_1.8.5\Arduino\java\bin\fontmanager.dll
0x6bf90000 - 0x6c089000 	C:\Windows\system32\opengl32.dll
0x6bf50000 - 0x6bf8f000 	C:\Windows\SYSTEM32\GLU32.dll
0x72450000 - 0x72469000 	C:\Windows\SYSTEM32\dxcore.dll
0x6bf10000 - 0x6bf42000 	D:\Install\Programming\Arduino_1.8.5\Arduino\java\bin\t2k.dll
0x73300000 - 0x73323000 	C:\Windows\SYSTEM32\DEVOBJ.dll
0x75550000 - 0x75596000 	C:\Windows\System32\WINTRUST.dll
0x755a0000 - 0x755ae000 	C:\Windows\System32\MSASN1.dll
0x75790000 - 0x7588b000 	C:\Windows\System32\CRYPT32.dll
0x748e0000 - 0x74912000 	C:\Windows\SYSTEM32\IPHLPAPI.DLL
0x758c0000 - 0x758c7000 	C:\Windows\System32\NSI.dll
0x71360000 - 0x71373000 	C:\Windows\SYSTEM32\dhcpcsvc6.DLL
0x71340000 - 0x71355000 	C:\Windows\SYSTEM32\dhcpcsvc.DLL
0x72cf0000 - 0x72d81000 	C:\Windows\SYSTEM32\DNSAPI.dll
0x72c40000 - 0x72c48000 	C:\Windows\System32\rasadhlp.dll
0x72c50000 - 0x72ca1000 	C:\Windows\System32\fwpuclnt.dll
0x73080000 - 0x7320f000 	C:\Windows\SYSTEM32\dbghelp.dll

VM Arguments:
jvm_args: -Dsun.java2d.d3d=false -Djna.nosys=true -Djna.nounpack=true -Djna.boot.library.name=jnidispatch-4.2.2-win32-x86 -Djna.boot.library.path=D:\Install\Programming\Arduino_1.8.5\Arduino/lib -Djssc.library.path=D:\Install\Programming\Arduino_1.8.5\Arduino/lib -DAPP_DIR=D:\Install\Programming\Arduino_1.8.5\Arduino -Xms128M -Xmx512M 
java_command: processing.app.Base D:\My Documents\Programming\Projects_Arduino\esp8266\m_IoTManager_door_lock_ws8211\m_IoTManager_door_lock_ws8211.ino
java_class_path (initial): D:\Install\Programming\Arduino_1.8.5\Arduino\lib\apple.jar;D:\Install\Programming\Arduino_1.8.5\Arduino\lib\arduino-core.jar;D:\Install\Programming\Arduino_1.8.5\Arduino\lib\batik-1.8.jar;D:\Install\Programming\Arduino_1.8.5\Arduino\lib\batik-anim-1.8.jar;D:\Install\Programming\Arduino_1.8.5\Arduino\lib\batik-awt-util-1.8.jar;D:\Install\Programming\Arduino_1.8.5\Arduino\lib\batik-bridge-1.8.jar;D:\Install\Programming\Arduino_1.8.5\Arduino\lib\batik-codec-1.8.jar;D:\Install\Programming\Arduino_1.8.5\Arduino\lib\batik-css-1.8.jar;D:\Install\Programming\Arduino_1.8.5\Arduino\lib\batik-dom-1.8.jar;D:\Install\Programming\Arduino_1.8.5\Arduino\lib\batik-ext-1.8.jar;D:\Install\Programming\Arduino_1.8.5\Arduino\lib\batik-gvt-1.8.jar;D:\Install\Programming\Arduino_1.8.5\Arduino\lib\batik-parser-1.8.jar;D:\Install\Programming\Arduino_1.8.5\Arduino\lib\batik-rasterizer-1.8.jar;D:\Install\Programming\Arduino_1.8.5\Arduino\lib\batik-script-1.8.jar;D:\Install\Programming\Arduino_1.8.5\Arduino\lib\batik-squiggle-1.8.jar;D:\Install\Programming\Arduino_1.8.5\Arduino\lib\batik-svg-dom-1.8.jar;D:\Install\Programming\Arduino_1.8.5\Arduino\lib\batik-svgpp-1.8.jar;D:\Install\Programming\Arduino_1.8.5\Arduino\lib\batik-transcoder-1.8.jar;D:\Install\Programming\Arduino_1.8.5\Arduino\lib\batik-util-1.8.jar;D:\Install\Programming\Arduino_1.8.5\Arduino\lib\batik-xml-1.8.jar;D:\Install\Programming\Arduino_1.8.5\Arduino\lib\bcpg-jdk15on-152.jar;D:\Install\Programming\Arduino_1.8.5\Arduino\lib\bcprov-jdk15on-152.jar;D:\Install\Programming\Arduino_1.8.5\Arduino\lib\commons-codec-1.7.jar;D:\Install\Programming\Arduino_1.8.5\Arduino\lib\commons-compress-1.8.jar;D:\Install\Programming\Arduino_1.8.5\Arduino\lib\commons-exec-1.1.jar;D:\Install\Programming\Arduino_1.8.5\Arduino\lib\commons-httpclient-3.1.jar;D:\Install\Programming\Arduino_1.8.5\Arduino\lib\commons-lang3-3.3.2.jar;D:\Install\Programming\Arduino_1.8.5\Arduino\lib\commons-logging-1.0.4.jar;D:\Install\Programmi
Launcher Type: SUN_STANDARD

Environment Variables:
PATH=C:\Windows\system32;C:\Windows;C:\Windows\System32\Wbem;C:\Windows\System32\WindowsPowerShell\v1.0\;C:\Windows\System32\OpenSSH\;C:\Program Files\NVIDIA Corporation\NVIDIA NvDLISR;C:\Program Files (x86)\NVIDIA Corporation\PhysX\Common;d:\Program_files\AndroidStudio\SDK\platform-tools\;C:\Users\Sergey\AppData\Local\Microsoft\WindowsApps;;D:\Install\Programming\Arduino_1.8.5\Arduino\java\bin
USERNAME=Sergey
OS=Windows_NT
PROCESSOR_IDENTIFIER=AMD64 Family 21 Model 1 Stepping 2, AuthenticAMD



---------------  S Y S T E M  ---------------

OS: Windows 10.0 , 64 bit Build 18362 (10.0.18362.86)

CPU:total 6 (initial active 6) (6 cores per cpu, 1 threads per core) family 21 model 1 stepping 2, cmov, cx8, fxsr, mmx, sse, sse2, sse3, ssse3, sse4.1, sse4.2, popcnt, avx, aes, clmul, mmxext, 3dnowpref, lzcnt, sse4a, tsc, tscinvbit, tscinv

Memory: 4k page, physical 10467444k(5658164k free), swap 12105844k(6005772k free)

vm_info: Java HotSpot(TM) Client VM (25.144-b01) for windows-x86 JRE (1.8.0_144-b01), built on Jul 21 2017 21:58:05 by "java_re" with MS VC++ 10.0 (VS2010)

time: Sat Jul 06 16:56:05 2019
elapsed time: 12 seconds (0d 0h 0m 12s)

